{"/home/fabricia/Desktop/md-links/lib/index.js": {"path":"/home/fabricia/Desktop/md-links/lib/index.js","statementMap":{"0":{"start":{"line":1,"column":11},"end":{"line":1,"column":24}},"1":{"start":{"line":3,"column":16},"end":{"line":23,"column":1}},"2":{"start":{"line":4,"column":16},"end":{"line":4,"column":36}},"3":{"start":{"line":5,"column":2},"end":{"line":22,"column":4}},"4":{"start":{"line":7,"column":4},"end":{"line":9,"column":5}},"5":{"start":{"line":8,"column":6},"end":{"line":8,"column":41}},"6":{"start":{"line":11,"column":4},"end":{"line":20,"column":7}},"7":{"start":{"line":13,"column":21},"end":{"line":13,"column":38}},"8":{"start":{"line":14,"column":21},"end":{"line":17,"column":8}},"9":{"start":{"line":15,"column":22},"end":{"line":15,"column":50}},"10":{"start":{"line":16,"column":8},"end":{"line":16,"column":50}},"11":{"start":{"line":18,"column":6},"end":{"line":18,"column":22}},"12":{"start":{"line":25,"column":0},"end":{"line":25,"column":25}}},"fnMap":{"0":{"name":"(anonymous_0)","decl":{"start":{"line":3,"column":16},"end":{"line":3,"column":17}},"loc":{"start":{"line":3,"column":26},"end":{"line":23,"column":1}},"line":3},"1":{"name":"(anonymous_1)","decl":{"start":{"line":5,"column":21},"end":{"line":5,"column":22}},"loc":{"start":{"line":5,"column":42},"end":{"line":21,"column":3}},"line":5},"2":{"name":"(anonymous_2)","decl":{"start":{"line":11,"column":31},"end":{"line":11,"column":32}},"loc":{"start":{"line":11,"column":51},"end":{"line":20,"column":5}},"line":11},"3":{"name":"(anonymous_3)","decl":{"start":{"line":14,"column":32},"end":{"line":14,"column":33}},"loc":{"start":{"line":14,"column":38},"end":{"line":17,"column":7}},"line":14}},"branchMap":{"0":{"loc":{"start":{"line":7,"column":4},"end":{"line":9,"column":5}},"type":"if","locations":[{"start":{"line":7,"column":4},"end":{"line":9,"column":5}},{"start":{"line":7,"column":4},"end":{"line":9,"column":5}}],"line":7}},"s":{"0":1,"1":1,"2":2,"3":2,"4":2,"5":1,"6":2,"7":1,"8":1,"9":3,"10":3,"11":1,"12":1},"f":{"0":2,"1":2,"2":1,"3":3},"b":{"0":[1,1]},"_coverageSchema":"332fd63041d2c1bcb487cc26dd0d5f7d97098a6c","hash":"d0f5ba99adafdbc70e05fcefde4dd8fb1a2e3416"}
}
